<?xml version="1.0" encoding="UTF-8"?>
<testng-results ignored="0" total="1" passed="1" failed="0" skipped="0">
  <reporter-output>
  </reporter-output>
  <suite started-at="2019-08-09T10:31:49Z" name="Default suite" finished-at="2019-08-09T10:34:04Z" duration-ms="134719">
    <groups>
    </groups>
    <test started-at="2019-08-09T10:31:49Z" name="Default test" finished-at="2019-08-09T10:34:04Z" duration-ms="134719">
      <class name="com.training.sanity.tests.L3MenuReturnsRun">
        <test-method is-config="true" signature="setUpBeforeClass()[pri:0, instance:com.training.sanity.tests.L3MenuReturnsRun@609cd4d8]" started-at="2019-08-09T10:31:49Z" name="setUpBeforeClass" finished-at="2019-08-09T10:31:49Z" duration-ms="20" status="PASS">
          <reporter-output>
          </reporter-output>
        </test-method> <!-- setUpBeforeClass -->
        <test-method is-config="true" signature="setUp()[pri:0, instance:com.training.sanity.tests.L3MenuReturnsRun@609cd4d8]" started-at="2019-08-09T10:31:49Z" name="setUp" finished-at="2019-08-09T10:32:38Z" duration-ms="48553" status="PASS">
          <reporter-output>
          </reporter-output>
        </test-method> <!-- setUp -->
        <test-method signature="validLoginTest()[pri:0, instance:com.training.sanity.tests.L3MenuReturnsRun@609cd4d8]" started-at="2019-08-09T10:32:38Z" name="validLoginTest" finished-at="2019-08-09T10:34:02Z" duration-ms="84265" status="PASS">
          <reporter-output>
          </reporter-output>
        </test-method> <!-- validLoginTest -->
        <test-method is-config="true" signature="tearDown()[pri:0, instance:com.training.sanity.tests.L3MenuReturnsRun@609cd4d8]" started-at="2019-08-09T10:34:02Z" name="tearDown" finished-at="2019-08-09T10:34:04Z" duration-ms="1845" status="PASS">
          <reporter-output>
          </reporter-output>
        </test-method> <!-- tearDown -->
      </class> <!-- com.training.sanity.tests.L3MenuReturnsRun -->
    </test> <!-- Default test -->
  </suite> <!-- Default suite -->
</testng-results>
